c:\users\ad\source\repos\marian\marian\release\vc141.pdb
c:\users\ad\source\repos\marian\marian\release\tile.obj
c:\users\ad\source\repos\marian\marian\release\skeletonweak.obj
c:\users\ad\source\repos\marian\marian\release\skeletonhard.obj
c:\users\ad\source\repos\marian\marian\release\skeletonaverage.obj
c:\users\ad\source\repos\marian\marian\release\skeleton.obj
c:\users\ad\source\repos\marian\marian\release\singletondata.obj
c:\users\ad\source\repos\marian\marian\release\properties.obj
c:\users\ad\source\repos\marian\marian\release\player.obj
c:\users\ad\source\repos\marian\marian\release\mycontactlistener.obj
c:\users\ad\source\repos\marian\marian\release\main.obj
c:\users\ad\source\repos\marian\marian\release\item.obj
c:\users\ad\source\repos\marian\marian\release\ghostweak.obj
c:\users\ad\source\repos\marian\marian\release\ghost.obj
c:\users\ad\source\repos\marian\marian\release\game.obj
c:\users\ad\source\repos\marian\marian\release\entity.obj
c:\users\ad\source\repos\marian\marian\release\enemy.obj
c:\users\ad\source\repos\marian\marian\release\conversion.obj
c:\users\ad\source\repos\marian\marian\release\coin.obj
c:\users\ad\source\repos\marian\marian\release\bullet.obj
c:\users\ad\source\repos\marian\release\marian.exe
c:\users\ad\source\repos\marian\release\marian.pdb
c:\users\ad\source\repos\marian\release\marian.ipdb
c:\users\ad\source\repos\marian\release\marian.iobj
c:\users\ad\source\repos\marian\marian\release\marian.tlog\cl.command.1.tlog
c:\users\ad\source\repos\marian\marian\release\marian.tlog\cl.read.1.tlog
c:\users\ad\source\repos\marian\marian\release\marian.tlog\cl.write.1.tlog
c:\users\ad\source\repos\marian\marian\release\marian.tlog\link.command.1.tlog
c:\users\ad\source\repos\marian\marian\release\marian.tlog\link.read.1.tlog
c:\users\ad\source\repos\marian\marian\release\marian.tlog\link.write.1.tlog
c:\users\ad\source\repos\marian\marian\release\marian.tlog\marian.write.1u.tlog
