  Bullet.cpp
  Coin.cpp
  Conversion.cpp
  Enemy.cpp
c:\users\ad\source\repos\marian\marian\enemy.cpp(65): warning C4305: 'argument': truncation from 'double' to 'float'
  Entity.cpp
  Game.cpp
c:\users\ad\source\repos\marian\marian\game.cpp(92): warning C4244: 'argument': conversion from 'T' to 'unsigned int', possible loss of data
          with
          [
              T=float
          ]
c:\users\ad\source\repos\marian\marian\game.cpp(314): warning C4244: 'argument': conversion from 'T' to 'unsigned int', possible loss of data
          with
          [
              T=float
          ]
c:\users\ad\source\repos\marian\marian\game.cpp(383): warning C4244: 'argument': conversion from 'unsigned int' to 'T', possible loss of data
          with
          [
              T=float
          ]
c:\users\ad\source\repos\marian\marian\game.cpp(387): warning C4244: 'argument': conversion from 'unsigned int' to 'T', possible loss of data
          with
          [
              T=float
          ]
c:\users\ad\source\repos\marian\marian\game.cpp(392): warning C4244: 'argument': conversion from 'unsigned int' to 'T', possible loss of data
          with
          [
              T=float
          ]
c:\users\ad\source\repos\marian\marian\game.cpp(396): warning C4244: 'argument': conversion from 'unsigned int' to 'T', possible loss of data
          with
          [
              T=float
          ]
c:\users\ad\source\repos\marian\marian\game.cpp(400): warning C4244: 'argument': conversion from 'unsigned int' to 'T', possible loss of data
          with
          [
              T=float
          ]
c:\users\ad\source\repos\marian\marian\game.cpp(404): warning C4244: 'argument': conversion from 'unsigned int' to 'T', possible loss of data
          with
          [
              T=float
          ]
c:\users\ad\source\repos\marian\marian\game.cpp(408): warning C4244: 'argument': conversion from 'unsigned int' to 'T', possible loss of data
          with
          [
              T=float
          ]
c:\users\ad\source\repos\marian\marian\game.cpp(412): warning C4244: 'argument': conversion from 'unsigned int' to 'T', possible loss of data
          with
          [
              T=float
          ]
c:\users\ad\source\repos\marian\marian\game.cpp(416): warning C4244: 'argument': conversion from 'unsigned int' to 'T', possible loss of data
          with
          [
              T=float
          ]
c:\users\ad\source\repos\marian\marian\game.cpp(420): warning C4244: 'argument': conversion from 'unsigned int' to 'T', possible loss of data
          with
          [
              T=float
          ]
c:\users\ad\source\repos\marian\marian\game.cpp(424): warning C4244: 'argument': conversion from 'unsigned int' to 'T', possible loss of data
          with
          [
              T=float
          ]
c:\users\ad\source\repos\marian\marian\game.cpp(428): warning C4244: 'argument': conversion from 'unsigned int' to 'T', possible loss of data
          with
          [
              T=float
          ]
c:\users\ad\source\repos\marian\marian\game.cpp(432): warning C4244: 'argument': conversion from 'unsigned int' to 'T', possible loss of data
          with
          [
              T=float
          ]
c:\users\ad\source\repos\marian\marian\game.cpp(437): warning C4244: 'argument': conversion from 'unsigned int' to 'T', possible loss of data
          with
          [
              T=float
          ]
c:\users\ad\source\repos\marian\marian\game.cpp(442): warning C4244: 'argument': conversion from 'unsigned int' to 'T', possible loss of data
          with
          [
              T=float
          ]
c:\users\ad\source\repos\marian\marian\game.cpp(447): warning C4244: 'argument': conversion from 'unsigned int' to 'T', possible loss of data
          with
          [
              T=float
          ]
c:\users\ad\source\repos\marian\marian\game.cpp(460): warning C4244: 'argument': conversion from 'unsigned int' to 'T', possible loss of data
          with
          [
              T=float
          ]
c:\users\ad\source\repos\marian\marian\game.cpp(464): warning C4244: 'argument': conversion from 'unsigned int' to 'T', possible loss of data
          with
          [
              T=float
          ]
c:\users\ad\source\repos\marian\marian\game.cpp(468): warning C4244: 'argument': conversion from 'unsigned int' to 'T', possible loss of data
          with
          [
              T=float
          ]
c:\users\ad\source\repos\marian\marian\game.cpp(472): warning C4244: 'argument': conversion from 'unsigned int' to 'T', possible loss of data
          with
          [
              T=float
          ]
c:\users\ad\source\repos\marian\marian\game.cpp(476): warning C4244: 'argument': conversion from 'unsigned int' to 'T', possible loss of data
          with
          [
              T=float
          ]
c:\users\ad\source\repos\marian\marian\game.cpp(524): warning C4244: 'initializing': conversion from 'T' to 'int', possible loss of data
          with
          [
              T=float
          ]
c:\users\ad\source\repos\marian\marian\game.cpp(525): warning C4244: 'initializing': conversion from 'T' to 'int', possible loss of data
          with
          [
              T=float
          ]
  Ghost.cpp
  GhostWeak.cpp
  Item.cpp
  main.cpp
  MyContactListener.cpp
  Player.cpp
  Properties.cpp
  SingletonData.cpp
  Skeleton.cpp
  SkeletonAverage.cpp
  SkeletonHard.cpp
  SkeletonWeak.cpp
  Tile.cpp
  Generating code
  All 1153 functions were compiled because no usable IPDB/IOBJ from previous compilation was found.
  Finished generating code
  Marian.vcxproj -> C:\Users\ad\source\repos\Marian\Release\Marian.exe
