c:\users\ad\source\repos\marian\marian\debug\vc141.pdb
c:\users\ad\source\repos\marian\marian\debug\vc141.idb
c:\users\ad\source\repos\marian\marian\debug\tile.obj
c:\users\ad\source\repos\marian\marian\debug\skeletonweak.obj
c:\users\ad\source\repos\marian\marian\debug\skeletonhard.obj
c:\users\ad\source\repos\marian\marian\debug\skeletonaverage.obj
c:\users\ad\source\repos\marian\marian\debug\skeleton.obj
c:\users\ad\source\repos\marian\marian\debug\singletondata.obj
c:\users\ad\source\repos\marian\marian\debug\properties.obj
c:\users\ad\source\repos\marian\marian\debug\player.obj
c:\users\ad\source\repos\marian\marian\debug\mycontactlistener.obj
c:\users\ad\source\repos\marian\marian\debug\main.obj
c:\users\ad\source\repos\marian\marian\debug\item.obj
c:\users\ad\source\repos\marian\marian\debug\ghostweak.obj
c:\users\ad\source\repos\marian\marian\debug\ghost.obj
c:\users\ad\source\repos\marian\marian\debug\game.obj
c:\users\ad\source\repos\marian\marian\debug\entity.obj
c:\users\ad\source\repos\marian\marian\debug\enemy.obj
c:\users\ad\source\repos\marian\marian\debug\conversion.obj
c:\users\ad\source\repos\marian\marian\debug\coin.obj
c:\users\ad\source\repos\marian\marian\debug\bullet.obj
c:\users\ad\source\repos\marian\marian\debug\bat.obj
c:\users\ad\source\repos\marian\debug\marian.exe
c:\users\ad\source\repos\marian\debug\marian.ilk
c:\users\ad\source\repos\marian\debug\marian.pdb
c:\users\ad\source\repos\marian\marian\debug\marian.tlog\cl.command.1.tlog
c:\users\ad\source\repos\marian\marian\debug\marian.tlog\cl.read.1.tlog
c:\users\ad\source\repos\marian\marian\debug\marian.tlog\cl.write.1.tlog
c:\users\ad\source\repos\marian\marian\debug\marian.tlog\link.command.1.tlog
c:\users\ad\source\repos\marian\marian\debug\marian.tlog\link.read.1.tlog
c:\users\ad\source\repos\marian\marian\debug\marian.tlog\link.write.1.tlog
